[00:01:26] [main/INFO] (FabricLoader/GameProvider) Loading Minecraft 1.16.5 with Fabric Loader 0.16.14
[00:01:26] [main/INFO] (FabricLoader) Loading 50 mods:
	- fabric 0.42.0+1.16
	- fabric-api-base 0.4.0+3cc0f0907d
	- fabric-api-lookup-api-v1 1.3.1+3cc0f0907d
	- fabric-biome-api-v1 3.1.13+3cc0f0907d
	- fabric-blockrenderlayer-v1 1.1.6+3cc0f0907d
	- fabric-command-api-v1 1.1.3+3cc0f0907d
	- fabric-commands-v0 0.2.3+3cc0f0907d
	- fabric-containers-v0 0.1.12+3cc0f0907d
	- fabric-content-registries-v0 0.2.5+3cc0f0907d
	- fabric-crash-report-info-v1 0.1.4+3cc0f0907d
	- fabric-dimensions-v1 2.0.8+3cc0f0907d
	- fabric-entity-events-v1 1.2.4+3cc0f0907d
	- fabric-events-interaction-v0 0.4.5+3cc0f0907d
	- fabric-events-lifecycle-v0 0.2.2+3cc0f0907d
	- fabric-game-rule-api-v1 1.0.7+3cc0f0907d
	- fabric-item-api-v1 1.2.2+3cc0f0907d
	- fabric-item-groups-v0 0.3.1+3cc0f0907d
	- fabric-key-binding-api-v1 1.0.5+3cc0f0907d
	- fabric-keybindings-v0 0.2.2+3cc0f0907d
	- fabric-lifecycle-events-v1 1.2.2+3cc0f0907d
	- fabric-loot-tables-v1 1.0.3+3cc0f0907d
	- fabric-mining-levels-v0 0.1.4+3cc0f0907d
	- fabric-models-v0 0.3.1+3cc0f0907d
	- fabric-networking-api-v1 1.0.5+3cc0f0907d
	- fabric-networking-blockentity-v0 0.2.9+3cc0f0907d
	- fabric-networking-v0 0.3.3+3cc0f0907d
	- fabric-object-builder-api-v1 1.9.6+3cc0f0907d
	- fabric-object-builders-v0 0.7.3+3cc0f0907d
	- fabric-particles-v1 0.2.5+3cc0f0907d
	- fabric-registry-sync-v0 0.7.6+3cc0f0907d
	- fabric-renderer-api-v1 0.4.5+3cc0f0907d
	- fabric-renderer-indigo 0.4.5+3cc0f0907d
	- fabric-renderer-registries-v1 2.3.1+3cc0f0907d
	- fabric-rendering-data-attachment-v1 0.1.6+3cc0f0907d
	- fabric-rendering-fluids-v1 0.1.15+3cc0f0907d
	- fabric-rendering-v0 1.1.3+3cc0f0907d
	- fabric-rendering-v1 1.6.1+3cc0f0907d
	- fabric-resource-loader-v0 0.4.8+3cc0f0907d
	- fabric-screen-api-v1 1.0.1+3cc0f0907d
	- fabric-screen-handler-api-v1 1.1.6+3cc0f0907d
	- fabric-structure-api-v1 1.1.12+3cc0f0907d
	- fabric-tag-extensions-v0 1.1.2+3cc0f0907d
	- fabric-textures-v0 1.0.7+3cc0f0907d
	- fabric-tool-attribute-api-v1 1.2.8+3cc0f0907d
	- fabric-transfer-api-v1 1.5.0+3cc0f0907d
	- fabricloader 0.16.14
	- java 17
	- minecraft 1.16.5
	- mixinextras 0.4.1
	- untitled7 1.0.0
[00:01:26] [main/INFO] (FabricLoader/Mixin) SpongePowered MIXIN Subsystem Version=0.8.7 Source=file:/C:/Users/VIP/.gradle/caches/modules-2/files-2.1/net.fabricmc/sponge-mixin/0.15.5+mixin.0.8.7/22f9eb729e216a091673a574a5906dc1b9027fb3/sponge-mixin-0.15.5+mixin.0.8.7.jar Service=Knot/Fabric Env=CLIENT
[00:01:27] [main/INFO] (FabricLoader/Mixin) Loaded Fabric development mappings for mixin remapper!
[00:01:27] [main/INFO] (FabricLoader/MixinExtras|Service) Initializing MixinExtras via com.llamalad7.mixinextras.service.MixinExtrasServiceImpl(version=0.4.1).
[00:01:33] [main/INFO] (Minecraft) Environment: authHost='https://authserver.mojang.com', accountsHost='https://api.mojang.com', sessionHost='https://sessionserver.mojang.com', servicesHost='https://api.minecraftservices.com', name='PROD'
[00:01:34] [main/INFO] (Minecraft) Setting user: Player326
[00:01:34] [main/INFO] (Indigo) [Indigo] Registering Indigo renderer!
[00:01:35] [main/INFO] (Minecraft) Backend library: LWJGL version 3.2.2 build 10
[00:01:40] [main/INFO] (Minecraft) Narrator library for x64 successfully loaded
[00:01:41] [main/INFO] (Minecraft) Reloading ResourceManager: Default, Fabric Mods (Fabric Rendering Data Attachment (v1), Fabric Tool Attribute API (v1), Fabric Mining Levels (v0), Fabric Loader, Fabric API, Fabric Transfer API (v1), Fabric Models (v0), Fabric Lifecycle Events (v1), Fabric Object Builder API (v1), Fabric Item API (v1), Fabric Rendering (v0), Fabric Tag Extensions (v0), Fabric Game Rule API (v1), Fabric Renderer Registries (v1), Fabric Dimensions API (v1), Fabric Networking Block Entity (v0), Fabric Registry Sync (v0), Fabric Item Groups (v0), Fabric Content Registries (v0), Fabric Loot Tables (v1), Fabric Commands (v0), Fabric Containers (v0), Fabric Renderer - Indigo, Fabric Crash Report Info (v1), Fabric Structure API (v1), Fabric Particles (v1), Fabric Resource Loader (v0), Fabric Renderer API (v1), Fabric Networking API (v1), Fabric Key Bindings (v0), Fabric Command API (v1), Fabric Networking (v0), Fabric Object Builders (v0), Fabric Rendering (v1), untitled7, Fabric Key Binding API (v1), Fabric API Lookup API (v1), Fabric Screen Handler API (v1), Fabric Rendering Fluids (v1), Fabric Entity Events (v1), Fabric Events Interaction (v0), Fabric Biome API (v1), Fabric BlockRenderLayer Registration (v1), Fabric Events Lifecycle (v0), Fabric Screen API (v1), Fabric API Base, Fabric Textures (v0))
[00:01:41] [Realms Notification Availability checker #1/INFO] (Minecraft) Could not authorize you against Realms server: java.lang.RuntimeException: Failed to parse into SignedJWT: FabricMC
[00:01:46] [main/INFO] (Minecraft) OpenAL initialized.
[00:01:46] [main/INFO] (Minecraft) Sound engine started
[00:01:46] [main/INFO] (Minecraft) Created: 1024x1024x4 minecraft:textures/atlas/blocks.png-atlas
[00:01:46] [main/INFO] (Minecraft) Created: 256x128x4 minecraft:textures/atlas/signs.png-atlas
[00:01:46] [main/INFO] (Minecraft) Created: 1024x512x4 minecraft:textures/atlas/banner_patterns.png-atlas
[00:01:46] [main/INFO] (Minecraft) Created: 1024x512x4 minecraft:textures/atlas/shield_patterns.png-atlas
[00:01:46] [main/INFO] (Minecraft) Created: 256x256x4 minecraft:textures/atlas/chest.png-atlas
[00:01:46] [main/INFO] (Minecraft) Created: 512x256x4 minecraft:textures/atlas/beds.png-atlas
[00:01:46] [main/INFO] (Minecraft) Created: 512x256x4 minecraft:textures/atlas/shulker_boxes.png-atlas
[00:01:48] [main/INFO] (Minecraft) Created: 256x256x0 minecraft:textures/atlas/particles.png-atlas
[00:01:48] [main/INFO] (Minecraft) Created: 256x256x0 minecraft:textures/atlas/paintings.png-atlas
[00:01:48] [main/INFO] (Minecraft) Created: 256x128x0 minecraft:textures/atlas/mob_effects.png-atlas
[00:01:56] [main/WARN] (Minecraft) Ambiguity between arguments [teleport, destination] and [teleport, targets] with inputs: [Player, 0123, @e, dd12be42-52a9-4a91-a8a1-11c01849e498]
[00:01:56] [main/WARN] (Minecraft) Ambiguity between arguments [teleport, location] and [teleport, destination] with inputs: [0.1 -0.5 .9, 0 0 0]
[00:01:56] [main/WARN] (Minecraft) Ambiguity between arguments [teleport, location] and [teleport, targets] with inputs: [0.1 -0.5 .9, 0 0 0]
[00:01:56] [main/WARN] (Minecraft) Ambiguity between arguments [teleport, targets] and [teleport, destination] with inputs: [Player, 0123, dd12be42-52a9-4a91-a8a1-11c01849e498]
[00:01:56] [main/WARN] (Minecraft) Ambiguity between arguments [teleport, targets, location] and [teleport, targets, destination] with inputs: [0.1 -0.5 .9, 0 0 0]
[00:01:56] [main/INFO] (Minecraft) Reloading ResourceManager: Default, Fabric Mods (Fabric Tool Attribute API (v1))
[00:01:56] [main/INFO] (Minecraft) Loaded 7 recipes
[00:01:56] [main/INFO] (Minecraft) Loaded 927 advancements
[00:01:56] [main/INFO] (BiomeModificationImpl) Applied 0 biome modifications to 0 of 79 new biomes in 1.940 ms
[00:01:57] [main/INFO] (Minecraft) Environment: authHost='https://authserver.mojang.com', accountsHost='https://api.mojang.com', sessionHost='https://sessionserver.mojang.com', servicesHost='https://api.minecraftservices.com', name='PROD'
[00:01:57] [Server thread/INFO] (Minecraft) Starting integrated minecraft server version 1.16.5
[00:01:57] [Server thread/INFO] (Minecraft) Generating keypair
[00:01:57] [Server thread/INFO] (Minecraft) Preparing start region for dimension minecraft:overworld
[00:01:58] [main/INFO] (Minecraft) Preparing spawn area: 0%
[00:01:58] [main/INFO] (Minecraft) Preparing spawn area: 0%
[00:01:58] [main/INFO] (Minecraft) Preparing spawn area: 0%
[00:02:00] [main/INFO] (Minecraft) Preparing spawn area: 83%
[00:02:00] [main/INFO] (Minecraft) Preparing spawn area: 83%
[00:02:00] [main/INFO] (Minecraft) Preparing spawn area: 83%
[00:02:00] [main/INFO] (Minecraft) Preparing spawn area: 93%
[00:02:01] [main/INFO] (Minecraft) Preparing spawn area: 95%
[00:02:01] [main/INFO] (Minecraft) Time elapsed: 3880 ms
[00:02:01] [Server thread/INFO] (Minecraft) Changing view distance to 11, from 10
[00:02:02] [Server thread/INFO] (Minecraft) Player326[local:E:0fa899b5] logged in with entity id 222 at (47.91898967153883, 68.0, -188.7713523341298)
[00:02:02] [Server thread/INFO] (Minecraft) Player326 joined the game
[00:02:03] [Server thread/INFO] (Minecraft) Saving and pausing game...
[00:02:03] [Server thread/INFO] (Minecraft) Saving chunks for level 'ServerLevel[New World]'/minecraft:overworld
[00:02:03] [main/INFO] (Minecraft) Loaded 0 advancements
[00:02:03] [Server thread/INFO] (Minecraft) Saving chunks for level 'ServerLevel[New World]'/minecraft:the_nether
[00:02:03] [Server thread/INFO] (Minecraft) Saving chunks for level 'ServerLevel[New World]'/minecraft:the_end
[00:02:07] [Server thread/INFO] (Minecraft) Saving and pausing game...
[00:02:07] [Server thread/INFO] (Minecraft) Saving chunks for level 'ServerLevel[New World]'/minecraft:overworld
[00:02:07] [Server thread/INFO] (Minecraft) Saving chunks for level 'ServerLevel[New World]'/minecraft:the_nether
[00:02:07] [Server thread/INFO] (Minecraft) Saving chunks for level 'ServerLevel[New World]'/minecraft:the_end
[00:02:28] [Server thread/INFO] (Minecraft) Saving and pausing game...
[00:02:28] [Server thread/INFO] (Minecraft) Saving chunks for level 'ServerLevel[New World]'/minecraft:overworld
[00:02:29] [Server thread/INFO] (Minecraft) Saving chunks for level 'ServerLevel[New World]'/minecraft:the_nether
[00:02:29] [Server thread/INFO] (Minecraft) Saving chunks for level 'ServerLevel[New World]'/minecraft:the_end
[00:02:36] [Server thread/INFO] (Minecraft) Saving and pausing game...
[00:02:36] [Server thread/INFO] (Minecraft) Saving chunks for level 'ServerLevel[New World]'/minecraft:overworld
[00:02:36] [Server thread/INFO] (Minecraft) Saving chunks for level 'ServerLevel[New World]'/minecraft:the_nether
[00:02:36] [Server thread/INFO] (Minecraft) Saving chunks for level 'ServerLevel[New World]'/minecraft:the_end
[00:02:45] [Server thread/INFO] (Minecraft) Saving and pausing game...
[00:02:45] [Server thread/INFO] (Minecraft) Saving chunks for level 'ServerLevel[New World]'/minecraft:overworld
[00:02:45] [Server thread/INFO] (Minecraft) Saving chunks for level 'ServerLevel[New World]'/minecraft:the_nether
[00:02:45] [Server thread/INFO] (Minecraft) Saving chunks for level 'ServerLevel[New World]'/minecraft:the_end
[00:02:56] [Server thread/INFO] (Minecraft) Saving and pausing game...
[00:02:56] [Server thread/INFO] (Minecraft) Saving chunks for level 'ServerLevel[New World]'/minecraft:overworld
[00:02:56] [Server thread/INFO] (Minecraft) Saving chunks for level 'ServerLevel[New World]'/minecraft:the_nether
[00:02:56] [Server thread/INFO] (Minecraft) Saving chunks for level 'ServerLevel[New World]'/minecraft:the_end
